  GameEngine.cpp
C:\Users\ZachT\Desktop\Concordia\Winter 2023\Comp 345\COMP-345\COMP-345\GameEngine.cpp(445,21): warning C4018: '<': signed/unsigned mismatch
C:\Users\ZachT\Desktop\Concordia\Winter 2023\Comp 345\COMP-345\COMP-345\GameEngine.cpp(481,21): warning C4244: 'argument': conversion from 'double' to 'int', possible loss of data
C:\Users\ZachT\Desktop\Concordia\Winter 2023\Comp 345\COMP-345\COMP-345\GameEngine.cpp(491,26): warning C4018: '<': signed/unsigned mismatch
C:\Users\ZachT\Desktop\Concordia\Winter 2023\Comp 345\COMP-345\COMP-345\GameEngine.cpp(511,26): warning C4018: '<': signed/unsigned mismatch
  GameEngineDriver.cpp
  MaineGameLoopDriver.cpp
  MapDriver.cpp
C:\Users\ZachT\Desktop\Concordia\Winter 2023\Comp 345\COMP-345\COMP-345\MapDriver.cpp(27,19): warning C4018: '<': signed/unsigned mismatch
C:\Users\ZachT\Desktop\Concordia\Winter 2023\Comp 345\COMP-345\COMP-345\MapDriver.cpp(33,19): warning C4018: '<': signed/unsigned mismatch
  MapLoader.cpp
C:\Users\ZachT\Desktop\Concordia\Winter 2023\Comp 345\COMP-345\COMP-345\MapLoader.cpp(205,19): warning C4018: '<': signed/unsigned mismatch
C:\Users\ZachT\Desktop\Concordia\Winter 2023\Comp 345\COMP-345\COMP-345\MapLoader.cpp(245,23): warning C4018: '<': signed/unsigned mismatch
C:\Users\ZachT\Desktop\Concordia\Winter 2023\Comp 345\COMP-345\COMP-345\MapLoader.cpp(247,27): warning C4018: '<': signed/unsigned mismatch
C:\Users\ZachT\Desktop\Concordia\Winter 2023\Comp 345\COMP-345\COMP-345\MapLoader.cpp(267,23): warning C4018: '<': signed/unsigned mismatch
C:\Users\ZachT\Desktop\Concordia\Winter 2023\Comp 345\COMP-345\COMP-345\MapLoader.cpp(280,19): warning C4018: '<': signed/unsigned mismatch
C:\Users\ZachT\Desktop\Concordia\Winter 2023\Comp 345\COMP-345\COMP-345\MapLoader.cpp(290,19): warning C4018: '<': signed/unsigned mismatch
C:\Users\ZachT\Desktop\Concordia\Winter 2023\Comp 345\COMP-345\COMP-345\MapLoader.cpp(292,27): warning C4018: '<': signed/unsigned mismatch
C:\Users\ZachT\Desktop\Concordia\Winter 2023\Comp 345\COMP-345\COMP-345\MapLoader.cpp(401,19): warning C4018: '<': signed/unsigned mismatch
  Orders.cpp
C:\Users\ZachT\Desktop\Concordia\Winter 2023\Comp 345\COMP-345\COMP-345\Orders.cpp(81,13): warning C4018: '<': signed/unsigned mismatch
  Player.cpp
C:\Users\ZachT\Desktop\Concordia\Winter 2023\Comp 345\COMP-345\COMP-345\Player.cpp(128,49): warning C4018: '<=': signed/unsigned mismatch
C:\Users\ZachT\Desktop\Concordia\Winter 2023\Comp 345\COMP-345\COMP-345\Player.cpp(154,20): warning C4018: '<=': signed/unsigned mismatch
C:\Users\ZachT\Desktop\Concordia\Winter 2023\Comp 345\COMP-345\COMP-345\Player.cpp(258,20): warning C4018: '<': signed/unsigned mismatch
C:\Users\ZachT\Desktop\Concordia\Winter 2023\Comp 345\COMP-345\COMP-345\Player.cpp(268,20): warning C4018: '<': signed/unsigned mismatch
  PlayerDriver.cpp
  StartupPhaseDriver.cpp
  Generating Code...
  COMP-345.vcxproj -> C:\Users\ZachT\Desktop\Concordia\Winter 2023\Comp 345\COMP-345\Debug\COMP-345.exe
