c:\users\zacht\desktop\concordia\winter 2023\comp 345\comp-345\comp-345\debug\vc142.pdb
c:\users\zacht\desktop\concordia\winter 2023\comp 345\comp-345\comp-345\debug\vc142.idb
c:\users\zacht\desktop\concordia\winter 2023\comp 345\comp-345\comp-345\debug\state.obj
c:\users\zacht\desktop\concordia\winter 2023\comp 345\comp-345\comp-345\debug\gameenginedriver.obj
c:\users\zacht\desktop\concordia\winter 2023\comp 345\comp-345\comp-345\debug\gameengine.obj
c:\users\zacht\desktop\concordia\winter 2023\comp 345\comp-345\comp-345\debug\carddriver.obj
c:\users\zacht\desktop\concordia\winter 2023\comp 345\comp-345\comp-345\debug\card.obj
c:\users\zacht\desktop\concordia\winter 2023\comp 345\comp-345\comp-345\debug\playerdriver.obj
c:\users\zacht\desktop\concordia\winter 2023\comp 345\comp-345\comp-345\debug\player.obj
c:\users\zacht\desktop\concordia\winter 2023\comp 345\comp-345\comp-345\debug\maploader.obj
c:\users\zacht\desktop\concordia\winter 2023\comp 345\comp-345\comp-345\debug\mapdriver.obj
c:\users\zacht\desktop\concordia\winter 2023\comp 345\comp-345\comp-345\debug\orders.obj
c:\users\zacht\desktop\concordia\winter 2023\comp 345\comp-345\comp-345\debug\ordersdriver.obj
c:\users\zacht\desktop\concordia\winter 2023\comp 345\comp-345\comp-345\debug\startupphasedriver.obj
c:\users\zacht\desktop\concordia\winter 2023\comp 345\comp-345\comp-345\debug\mainegameloopdriver.obj
c:\users\zacht\desktop\concordia\winter 2023\comp 345\comp-345\comp-345\debug\commandprocessing.obj
c:\users\zacht\desktop\concordia\winter 2023\comp 345\comp-345\comp-345\debug\loggingobserver.obj
c:\users\zacht\desktop\concordia\winter 2023\comp 345\comp-345\comp-345\debug\gameengine.obj.enc
c:\users\zacht\desktop\concordia\winter 2023\comp 345\comp-345\debug\comp-345.pdb
c:\users\zacht\desktop\concordia\winter 2023\comp 345\comp-345\comp-345\debug\comp-345.tlog\cl.command.1.tlog
c:\users\zacht\desktop\concordia\winter 2023\comp 345\comp-345\comp-345\debug\comp-345.tlog\cl.read.1.tlog
c:\users\zacht\desktop\concordia\winter 2023\comp 345\comp-345\comp-345\debug\comp-345.tlog\cl.write.1.tlog
c:\users\zacht\desktop\concordia\winter 2023\comp 345\comp-345\comp-345\debug\comp-345.tlog\link-cvtres.read.1.tlog
c:\users\zacht\desktop\concordia\winter 2023\comp 345\comp-345\comp-345\debug\comp-345.tlog\link-cvtres.write.1.tlog
c:\users\zacht\desktop\concordia\winter 2023\comp 345\comp-345\comp-345\debug\comp-345.tlog\link-rc.read.1.tlog
c:\users\zacht\desktop\concordia\winter 2023\comp 345\comp-345\comp-345\debug\comp-345.tlog\link-rc.write.1.tlog
c:\users\zacht\desktop\concordia\winter 2023\comp 345\comp-345\comp-345\debug\comp-345.tlog\link.17520-cvtres.read.1.tlog
c:\users\zacht\desktop\concordia\winter 2023\comp 345\comp-345\comp-345\debug\comp-345.tlog\link.17520-cvtres.write.1.tlog
c:\users\zacht\desktop\concordia\winter 2023\comp 345\comp-345\comp-345\debug\comp-345.tlog\link.17520-rc.read.1.tlog
c:\users\zacht\desktop\concordia\winter 2023\comp 345\comp-345\comp-345\debug\comp-345.tlog\link.17520-rc.write.1.tlog
c:\users\zacht\desktop\concordia\winter 2023\comp 345\comp-345\comp-345\debug\comp-345.tlog\link.17520.read.1.tlog
c:\users\zacht\desktop\concordia\winter 2023\comp 345\comp-345\comp-345\debug\comp-345.tlog\link.17520.write.1.tlog
c:\users\zacht\desktop\concordia\winter 2023\comp 345\comp-345\comp-345\debug\comp-345.tlog\link.command.1.tlog
c:\users\zacht\desktop\concordia\winter 2023\comp 345\comp-345\comp-345\debug\comp-345.tlog\link.read.1.tlog
c:\users\zacht\desktop\concordia\winter 2023\comp 345\comp-345\comp-345\debug\comp-345.tlog\link.write.1.tlog
